n/1626298577545.jpg
n/WIN_20210714_23_52_35_Pro.jpg
n/1626298577544.jpg
n/1626298577543.jpg
n/WIN_20210714_23_52_34_Pro.jpg
n/1626298577542.jpg
n/WIN_20210714_23_52_33_Pro.jpg
n/1626298577541.jpg
n/WIN_20210714_23_52_32_Pro.jpg
n/1626298577540.jpg
n/1626298577539.jpg
n/WIN_20210714_23_52_31_Pro.jpg
n/1626298577538.jpg
n/WIN_20210714_23_52_30_Pro.jpg
n/1626298577537.jpg
n/WIN_20210714_23_52_29_Pro.jpg
n/1626298577536.jpg
n/WIN_20210714_23_52_28_Pro.jpg
n/1626298577535.jpg
n/1626298577534.jpg
n/WIN_20210714_23_52_27_Pro.jpg
n/1626298577533.jpg
n/WIN_20210714_23_52_26_Pro.jpg
n/1626298577532.jpg
n/WIN_20210714_23_52_25_Pro.jpg
n/1626298577531.jpg
n/WIN_20210714_23_52_24_Pro.jpg
n/1626298577530.jpg
n/1626298577529.jpg
n/WIN_20210714_23_52_23_Pro.jpg
n/1626298577528.jpg
n/WIN_20210714_23_52_22_Pro.jpg
n/1626298577527.jpg
n/WIN_20210714_23_52_21_Pro.jpg
n/1626298577526.jpg
n/1626298577525.jpg
n/WIN_20210714_23_52_20_Pro.jpg
n/1626298577524.jpg
n/WIN_20210714_23_52_19_Pro.jpg
n/1626298577523.jpg
n/1626298577522.jpg
n/WIN_20210714_23_52_18_Pro.jpg
n/1626298577521.jpg
n/WIN_20210714_23_52_17_Pro.jpg
n/1626298577520.jpg
n/1626298577519.jpg
n/WIN_20210714_23_52_16_Pro.jpg
n/1626298577518.jpg
n/WIN_20210714_23_52_15_Pro.jpg
n/1626298577517.jpg
n/1626298577516.jpg
n/WIN_20210714_23_52_14_Pro.jpg
n/1626298577515.jpg
n/1626298577514.jpg
n/WIN_20210714_23_52_13_Pro.jpg
n/1626298577513.jpg
n/WIN_20210714_23_52_12_Pro.jpg
n/1626298577512.jpg
n/1626298577511.jpg
n/WIN_20210714_23_52_11_Pro.jpg
n/1626298577510.jpg
n/WIN_20210714_23_52_10_Pro.jpg
n/1626298577509.jpg
n/WIN_20210714_23_52_09_Pro.jpg
n/IMG_3366.jpg
n/IMG_3365.jpg
n/IMG_3364.jpg
n/IMG_3363.jpg
n/IMG_3362.jpg
n/IMG_3361.jpg
n/IMG_3360.jpg
n/IMG_3359.jpg
n/IMG_3358.jpg
n/IMG_3357.jpg
n/IMG_3356.jpg
n/IMG_3355.jpg
n/IMG_3350.jpg
n/IMG_3349.jpg
n/IMG_3348.jpg
n/IMG_3347.jpg
n/IMG_3346.jpg
n/IMG_3345.jpg
n/IMG_3344.jpg
n/IMG_3343.jpg
n/IMG_3342.jpg
n/IMG_3341.jpg
n/IMG_3340.jpg
n/IMG_3339.jpg
n/IMG_3338.jpg
n/IMG_3337.jpg
n/IMG_3336.jpg
n/IMG_3335.jpg
n/IMG_3334.jpg
n/IMG_3333.jpg
n/IMG_3332.jpg
n/IMG_3331.jpg
n/IMG_3330.jpg
n/IMG_3329.jpg
n/IMG_3328.jpg
n/IMG_3327.jpg
n/IMG_3326.jpg
n/IMG_3325.jpg
n/IMG_3324.jpg
n/IMG_3323.jpg
n/IMG_3322.jpg
n/IMG_3321.jpg
n/IMG_3320.jpg
n/IMG_3319.jpg
n/IMG_3318.jpg
n/IMG_3317.jpg
n/IMG_3316.jpg
n/IMG_3315.jpg
n/IMG_3314.jpg
n/IMG_3313.jpg
n/IMG_3312.jpg
n/IMG_3311.jpg
n/IMG_3310.jpg
n/IMG_3309.jpg
n/IMG_3308.jpg
n/IMG_3307.jpg
n/IMG_3306.jpg
n/IMG_3305.jpg
n/IMG_3304.jpg
n/IMG_3303.jpg
n/IMG_3302.jpg
n/IMG_3301.jpg
n/IMG_3300.jpg
n/IMG_3299.jpg
n/IMG_3298.jpg
n/IMG_3297.jpg
n/IMG_3296.jpg
n/IMG_3295.jpg
n/IMG_3294.jpg
n/IMG_3293.jpg
n/IMG_3292.jpg
n/IMG_3291.jpg
n/IMG_3290.jpg
n/IMG_3289.jpg
n/IMG_3288.jpg
n/IMG_3287.jpg
n/IMG_3286.jpg
n/IMG_3285.jpg
n/IMG_3284.jpg
n/IMG_3282.jpg
n/IMG_3281.jpg
n/IMG_3280.jpg
n/IMG_3279.jpg
n/IMG_3278.jpg
n/IMG_3277.jpg
n/IMG_3276.jpg
n/IMG_3275.jpg
n/IMG_3274.jpg
n/IMG_3273.jpg
n/1626266271086.jpg
n/1626266271092.png
n/1626266271103.png
n/1626266271094.jpg
n/1626266271082.jpg
n/1626266271091.jpg
n/1626266271088.png
n/1626266271085.jpg
n/1626266271078.jpg
n/1626266271105.jpg
n/1626266271080.jpg
n/1626266271104.png
n/1626266271104.jpg
n/1626266271088.jpg
n/1626266271084.jpg
n/1626266271087.jpg
n/1626266271083.jpg
n/1626266271090.jpeg
n/1626266271089.jpg
n/1626266271093.jpg
n/1626266271096.jpg
n/1626266271077.png
n/1626266271098.jpg
n/1626266271079.jpg
n/1626266271100.jpg
n/1626266271092.jpg
n/1626266271081.jpg
n/1626266271101.jpg
n/1626266271102.jpg
n/1626266271095.jpg
n/1626266271076.jpg
n/1626266271102.png
n/1626266271090.jpg
n/1626266271097.jpg
n/1626266271099.jpg
n/1626201438156.jpg
n/1626201438158.jpg
n/1626201438160.jpg
n/1626201438155.jpg
n/1626201438157.jpg
n/1626201438159.jpg
n/1626201438163.jpg
n/1626201438162.jpg
n/1626201438161.jpg
n/1626201438165.jpg
n/1626201438164.jpg
n/1626201438167.jpg
n/1626201438166.jpg
n/1626201438168.jpg
n/1626201438172.jpg
n/1626201438171.jpg
n/1626201438170.jpg
n/1626201438169.jpg
n/IMG_3265.jpg
n/IMG_3264.jpg
n/IMG_3263.jpg
n/IMG_3262.jpg
n/IMG_3261.jpg
n/IMG_3260.jpg
n/IMG_3259.jpg
n/IMG_3258.jpg
n/IMG_3257.jpg
n/IMG_3256.jpg
n/IMG_3255.jpg
n/IMG_3254.jpg
n/IMG_3253.jpg
n/IMG_3252.jpg
n/1626178981667.png
n/1626178981674.jpg
n/1626336902046.jpg
n/1626336902045.jpg
n/1626178981666.png
n/1626178981673.jpg
n/1626178981676.jpg
n/1626336902048.jpg
n/1626178981670.jpg
n/1626178981669.jpg
n/1626178981667.jpg
n/1626178981670.png
n/1626178981668.jpg
n/1626178981675.jpg
n/1626178981672.jpg
n/1626178981671.jpg
n/IMG_3242.jpg
n/IMG_3241.jpg
n/1626120454362.jpeg
n/1626120454363.jpeg
n/1626120454364.jpeg
n/1626120454365.jpeg
n/IMG_3240.jpg
n/IMG_3239.jpg
n/IMG_3238.jpg
n/IMG_3237.jpg
n/IMG_3236.jpg
n/IMG_3235.jpg
n/IMG_3234.jpg
n/IMG_3233.jpg
n/IMG_3232.jpg
n/IMG_3231.jpg
n/IMG_3230.jpg
n/IMG_3229.jpg
n/IMG_3228.jpg
n/IMG_3227.jpg
n/IMG_3226.jpg
n/IMG_3225.jpg
n/IMG_3224.jpg
n/IMG_3223.jpg
n/IMG_3222.jpg
n/IMG_3221.jpg
n/IMG_3220.jpg
n/IMG_3219.jpg
n/IMG_3218.jpg
n/IMG_3217.jpg
n/IMG_3216.jpg
n/IMG_3215.jpg
n/IMG_3214.jpg
n/IMG_3213.jpg
n/IMG_3212.jpg
n/IMG_3211.jpg
n/IMG_3210.jpg
n/IMG_3209.jpg
n/1626119706492.jpg