p/IMG_3247.jpg 1 0 0 1324 1610
p/IMG_3246.jpg 1 0 0 1998 1297
p/IMG_3245.jpg 1 0 0 2077 1478
p/IMG_3244.jpg 1 0 0 1641 2031
p/IMG_3243.jpg 1 0 0 2339 1950
p/IMG20210704134824.jpg 1 0 0 864 1152
p/IMG20210704134830.jpg 1 0 0 864 1152
p/IMG20210704134833.jpg 1 0 0 864 1152
p/IMG20210704134852.jpg 1 0 0 864 1152
p/IMG20210704134855.jpg 1 0 0 864 1152
p/IMG20210704134900.jpg 1 0 0 864 1152
p/IMG20210704134901.jpg 1 0 0 864 1152
p/F14C3663-6081-4B1D-92BD-2A0A2ABB59F6.jpg 1 0 0 1702 1752
p/IMG_3204.jpg 1 0 0 3169 2725
p/IMG_3206.jpg 1 0 0 3255 2249
p/IMG_3205.jpg 1 0 0 2635 1995
p/IMG_3203.jpg 1 0 0 2317 2543
p/1626119706517.jpg 1 0 0 1300 962
p/1626119706511.jpg 1 0 0 900 900
p/1626119706506.jpg 1 0 0 340 380
p/1626119706519.png 1 0 0 600 600
p/1626119706503.jpg 1 0 0 700 1014
p/1626119706507.jpg 1 0 0 371 444
p/1626119706508.jpg 1 0 0 444 440
p/1626119706518.jpg 1 0 0 400 400
p/1626119706510.jpg 1 0 0 960 960
p/1626119706509.jpg 1 0 0 960 960
p/1626119706515.jpg 1 0 0 600 600
p/1626119706500.jpg 1 0 0 700 750
p/1626119706513.jpg 1 0 0 200 200
p/1626119706499.jpg 1 0 0 450 332
p/1626119706520.jpg 1 0 0 623 623
p/1626119706497.jpg 1 0 0 1000 1000
p/1626119706504.jpg 1 0 0 1500 843
p/1626119706498.jpg 1 0 0 1000 1000
p/1626119706501.jpg 1 0 0 700 697
p/1626119706496.jpg 1 0 0 700 619
p/1626119706505.jpg 1 0 0 700 926
p/1626119706502.jpg 1 0 0 700 645
p/1626119706514.jpg 1 0 0 300 300
p/1626119706512.jpg 1 0 0 290 300
p/IMG_3207.jpg 1 0 0 4032 3024