n/1626296286383.jpg
n/1626296286382.jpg
n/WIN_20210714_23_56_32_Pro.jpg
n/1626296286381.jpg
n/WIN_20210714_23_56_31_Pro.jpg
n/1626296286380.jpg
n/1626296286379.jpg
n/WIN_20210714_23_56_30_Pro.jpg
n/1626296286378.jpg
n/WIN_20210714_23_56_29_Pro.jpg
n/1626296286377.jpg
n/WIN_20210714_23_56_28_Pro.jpg
n/1626296286376.jpg
n/1626296286375.jpg
n/WIN_20210714_23_56_27_Pro.jpg
n/1626296286374.jpg
n/WIN_20210714_23_56_26_Pro.jpg
n/1626296286373.jpg
n/1626296286372.jpg
n/WIN_20210714_23_56_25_Pro.jpg
n/WIN_20210714_23_56_24_Pro.jpg
n/1626296286371.jpg
n/WIN_20210714_23_56_22_Pro.jpg
n/1626296286370.jpg
n/1626296286369.jpg
n/WIN_20210714_23_56_21_Pro.jpg
n/1626296286368.jpg
n/1626296286367.jpg
n/WIN_20210714_23_56_20_Pro.jpg
n/1626296286366.jpg
n/WIN_20210714_23_56_19_Pro.jpg
n/1626296286365.jpg
n/WIN_20210714_23_56_18_Pro.jpg
n/1626296286364.jpg
n/1626296286363.jpg
n/WIN_20210714_23_56_17_Pro.jpg
n/1626296286362.jpg
n/1626296286361.jpg
n/1626296286360.jpg
n/WIN_20210714_23_56_16_Pro.jpg
n/1626296286359.jpg
n/WIN_20210714_23_56_15_Pro.jpg
n/1626296286358.jpg
n/1626296286357.jpg
n/WIN_20210714_23_56_14_Pro.jpg
n/1626296286356.jpg
n/WIN_20210714_23_56_13_Pro.jpg
n/1626296286355.jpg
n/1626296286354.jpg
n/WIN_20210714_23_56_12_Pro.jpg
n/1626296286353.jpg
n/WIN_20210714_23_56_11_Pro.jpg
n/1626296286352.jpg
n/1626296286351.jpg
n/1626296286350.jpg
n/WIN_20210714_23_56_10_Pro.jpg
n/1626296286349.jpg
n/1626296286348.jpg
n/WIN_20210714_23_56_09_Pro.jpg
n/1626296286347.jpg
n/WIN_20210714_23_56_08_Pro.jpg
n/WIN_20210714_23_56_07_Pro.jpg
n/IMG_3366.jpg
n/IMG_3365.jpg
n/IMG_3364.jpg
n/IMG_3363.jpg
n/IMG_3362.jpg
n/IMG_3361.jpg
n/IMG_3360.jpg
n/IMG_3359.jpg
n/IMG_3358.jpg
n/IMG_3357.jpg
n/IMG_3356.jpg
n/IMG_3355.jpg
n/IMG_3350.jpg
n/IMG_3349.jpg
n/IMG_3348.jpg
n/IMG_3347.jpg
n/IMG_3346.jpg
n/IMG_3345.jpg
n/IMG_3344.jpg
n/IMG_3343.jpg
n/IMG_3342.jpg
n/IMG_3341.jpg
n/IMG_3340.jpg
n/IMG_3339.jpg
n/IMG_3338.jpg
n/IMG_3337.jpg
n/IMG_3336.jpg
n/IMG_3335.jpg
n/IMG_3334.jpg
n/IMG_3333.jpg
n/IMG_3332.jpg
n/IMG_3331.jpg
n/IMG_3330.jpg
n/IMG_3329.jpg
n/IMG_3328.jpg
n/IMG_3327.jpg
n/IMG_3326.jpg
n/IMG_3325.jpg
n/IMG_3324.jpg
n/IMG_3323.jpg
n/IMG_3322.jpg
n/IMG_3321.jpg
n/IMG_3320.jpg
n/IMG_3319.jpg
n/IMG_3318.jpg
n/IMG_3317.jpg
n/IMG_3316.jpg
n/IMG_3315.jpg
n/IMG_3314.jpg
n/IMG_3313.jpg
n/IMG_3312.jpg
n/IMG_3311.jpg
n/IMG_3310.jpg
n/IMG_3309.jpg
n/IMG_3308.jpg
n/IMG_3307.jpg
n/IMG_3306.jpg
n/IMG_3305.jpg
n/IMG_3304.jpg
n/IMG_3303.jpg
n/IMG_3302.jpg
n/IMG_3301.jpg
n/IMG_3300.jpg
n/IMG_3299.jpg
n/IMG_3298.jpg
n/IMG_3297.jpg
n/IMG_3296.jpg
n/IMG_3295.jpg
n/IMG_3294.jpg
n/IMG_3293.jpg
n/IMG_3292.jpg
n/IMG_3291.jpg
n/IMG_3290.jpg
n/IMG_3289.jpg
n/IMG_3288.jpg
n/IMG_3287.jpg
n/IMG_3286.jpg
n/IMG_3285.jpg
n/IMG_3284.jpg
n/1626201438156.jpg
n/1626201438158.jpg
n/1626201438160.jpg
n/1626201438155.jpg
n/1626201438157.jpg
n/1626201438159.jpg
n/1626201438163.jpg
n/1626201438162.jpg
n/1626201438161.jpg
n/1626201438165.jpg
n/1626201438164.jpg
n/1626201438167.jpg
n/1626201438166.jpg
n/1626201438168.jpg
n/1626201438172.jpg
n/1626201438171.jpg
n/1626201438170.jpg
n/1626201438169.jpg
n/IMG_3265.jpg
n/IMG_3264.jpg
n/IMG_3263.jpg
n/IMG_3262.jpg
n/IMG_3261.jpg
n/IMG_3260.jpg
n/IMG_3259.jpg
n/IMG_3258.jpg
n/IMG_3257.jpg
n/IMG_3256.jpg
n/IMG_3255.jpg
n/IMG_3254.jpg
n/IMG_3253.jpg
n/IMG_3252.jpg
n/1626178981667.png
n/1626178981674.jpg
n/1626178981666.png
n/1626178981673.jpg
n/1626178981676.jpg
n/1626178981670.jpg
n/1626178981669.jpg
n/1626178981667.jpg
n/1626178981670.png
n/1626178981668.jpg
n/1626178981675.jpg
n/1626178981672.jpg
n/1626178981671.jpg
n/IMG_3247.jpg
n/IMG_3246.jpg
n/IMG_3245.jpg
n/IMG_3244.jpg
n/IMG_3243.jpg
n/IMG_3242.jpg
n/IMG_3241.jpg
n/IMG20210704134824.jpg
n/IMG20210704134830.jpg
n/IMG20210704134833.jpg
n/IMG20210704134852.jpg
n/IMG20210704134855.jpg
n/IMG20210704134900.jpg
n/IMG20210704134901.jpg
n/1626120454362.jpeg
n/1626120454363.jpeg
n/1626120454364.jpeg
n/1626120454365.jpeg
n/IMG_3240.jpg
n/IMG_3239.jpg
n/IMG_3238.jpg
n/IMG_3237.jpg
n/IMG_3236.jpg
n/IMG_3235.jpg
n/IMG_3234.jpg
n/IMG_3233.jpg
n/IMG_3232.jpg
n/IMG_3231.jpg
n/IMG_3230.jpg
n/IMG_3229.jpg
n/IMG_3223.jpg
n/IMG_3222.jpg
n/IMG_3221.jpg
n/IMG_3220.jpg
n/IMG_3219.jpg
n/IMG_3218.jpg
n/IMG_3217.jpg
n/IMG_3216.jpg
n/IMG_3215.jpg
n/IMG_3214.jpg
n/IMG_3213.jpg
n/IMG_3212.jpg
n/IMG_3211.jpg
n/IMG_3210.jpg
n/IMG_3209.jpg
n/1626119706492.jpg
n/F14C3663-6081-4B1D-92BD-2A0A2ABB59F6.jpg
n/IMG_3204.jpg
n/IMG_3206.jpg
n/IMG_3205.jpg
n/IMG_3203.jpg
n/1626119706517.jpg
n/1626119706511.jpg
n/1626119706506.jpg
n/1626119706519.png
n/1626119706503.jpg
n/1626119706507.jpg
n/1626119706508.jpg
n/1626119706518.jpg
n/1626119706510.jpg
n/1626119706509.jpg
n/1626119706515.jpg
n/1626119706500.jpg
n/1626119706513.jpg
n/1626119706499.jpg
n/1626119706520.jpg
n/1626119706497.jpg
n/1626119706504.jpg
n/1626119706498.jpg
n/1626119706501.jpg
n/1626119706496.jpg
n/1626119706505.jpg
n/1626119706502.jpg
n/1626119706514.jpg
n/1626119706512.jpg
n/IMG_3207.jpg