p/1626298577545.jpg 1 0 0 1920 1080
p/WIN_20210714_23_52_35_Pro.jpg 1 0 0 1920 1080
p/1626298577544.jpg 1 0 0 1920 1080
p/1626298577543.jpg 1 0 0 1920 1080
p/WIN_20210714_23_52_34_Pro.jpg 1 0 0 1920 1080
p/1626298577542.jpg 1 0 0 1920 1080
p/WIN_20210714_23_52_33_Pro.jpg 1 0 0 1920 1080
p/1626298577541.jpg 1 0 0 1920 1080
p/WIN_20210714_23_52_32_Pro.jpg 1 0 0 1920 1080
p/1626298577540.jpg 1 0 0 1920 1080
p/1626298577539.jpg 1 0 0 1920 1080
p/WIN_20210714_23_52_31_Pro.jpg 1 0 0 1920 1080
p/1626298577538.jpg 1 0 0 1920 1080
p/WIN_20210714_23_52_30_Pro.jpg 1 0 0 1920 1080
p/1626298577537.jpg 1 0 0 1920 1080
p/WIN_20210714_23_52_29_Pro.jpg 1 0 0 1920 1080
p/1626298577536.jpg 1 0 0 1920 1080
p/WIN_20210714_23_52_28_Pro.jpg 1 0 0 1920 1080
p/1626298577535.jpg 1 0 0 1920 1080
p/1626298577534.jpg 1 0 0 1920 1080
p/WIN_20210714_23_52_27_Pro.jpg 1 0 0 1920 1080
p/1626298577533.jpg 1 0 0 1920 1080
p/WIN_20210714_23_52_26_Pro.jpg 1 0 0 1920 1080
p/1626298577532.jpg 1 0 0 1920 1080
p/WIN_20210714_23_52_25_Pro.jpg 1 0 0 1920 1080
p/1626298577531.jpg 1 0 0 1920 1080
p/WIN_20210714_23_52_24_Pro.jpg 1 0 0 1920 1080
p/1626298577530.jpg 1 0 0 1920 1080
p/1626298577529.jpg 1 0 0 1920 1080
p/WIN_20210714_23_52_23_Pro.jpg 1 0 0 1920 1080
p/1626298577528.jpg 1 0 0 1920 1080
p/WIN_20210714_23_52_22_Pro.jpg 1 0 0 1920 1080
p/1626298577527.jpg 1 0 0 1920 1080
p/WIN_20210714_23_52_21_Pro.jpg 1 0 0 1920 1080
p/1626298577526.jpg 1 0 0 1920 1080
p/1626298577525.jpg 1 0 0 1920 1080
p/WIN_20210714_23_52_20_Pro.jpg 1 0 0 1920 1080
p/1626298577524.jpg 1 0 0 1920 1080
p/WIN_20210714_23_52_19_Pro.jpg 1 0 0 1920 1080
p/1626298577523.jpg 1 0 0 1920 1080
p/1626298577522.jpg 1 0 0 1920 1080
p/WIN_20210714_23_52_18_Pro.jpg 1 0 0 1920 1080
p/1626298577521.jpg 1 0 0 1920 1080
p/WIN_20210714_23_52_17_Pro.jpg 1 0 0 1920 1080
p/1626298577520.jpg 1 0 0 1920 1080
p/1626298577519.jpg 1 0 0 1920 1080
p/WIN_20210714_23_52_16_Pro.jpg 1 0 0 1920 1080
p/1626298577518.jpg 1 0 0 1920 1080
p/WIN_20210714_23_52_15_Pro.jpg 1 0 0 1920 1080
p/1626298577517.jpg 1 0 0 1920 1080
p/1626298577516.jpg 1 0 0 1920 1080
p/WIN_20210714_23_52_14_Pro.jpg 1 0 0 1920 1080
p/1626298577515.jpg 1 0 0 1920 1080
p/1626298577514.jpg 1 0 0 1920 1080
p/WIN_20210714_23_52_13_Pro.jpg 1 0 0 1920 1080
p/1626298577513.jpg 1 0 0 1920 1080
p/WIN_20210714_23_52_12_Pro.jpg 1 0 0 1920 1080
p/1626298577512.jpg 1 0 0 1920 1080
p/1626298577511.jpg 1 0 0 1920 1080
p/WIN_20210714_23_52_11_Pro.jpg 1 0 0 1920 1080
p/1626298577510.jpg 1 0 0 1920 1080
p/WIN_20210714_23_52_10_Pro.jpg 1 0 0 1920 1080
p/1626298577509.jpg 1 0 0 1920 1080
p/WIN_20210714_23_52_09_Pro.jpg 1 0 0 1920 1080
p/IMG_3282.jpg 1 0 0 1935 1978
p/IMG_3281.jpg 1 0 0 1691 1495
p/IMG_3280.jpg 1 0 0 1810 1921
p/IMG_3279.jpg 1 0 0 1612 1757
p/IMG_3278.jpg 1 0 0 2117 1955
p/IMG_3277.jpg 1 0 0 1905 1621
p/IMG_3276.jpg 1 0 0 1716 1743
p/IMG_3275.jpg 1 0 0 1802 2009
p/IMG_3274.jpg 1 0 0 1918 1938
p/IMG_3273.jpg 1 0 0 2049 2103
p/1626266271086.jpg 1 0 0 2000 2000
p/1626266271092.png 1 0 0 560 560
p/1626266271103.png 1 0 0 560 560
p/1626266271094.jpg 1 0 0 1280 1247
p/1626266271082.jpg 1 0 0 300 300
p/1626266271091.jpg 1 0 0 653 653
p/1626266271088.png 1 0 0 700 700
p/1626266271085.jpg 1 0 0 1440 1440
p/1626266271078.jpg 1 0 0 240 240
p/1626266271105.jpg 1 0 0 1000 1000
p/1626266271080.jpg 1 0 0 180 180
p/1626266271104.png 1 0 0 560 560
p/1626266271104.jpg 1 0 0 600 600
p/1626266271088.jpg 1 0 0 500 500
p/1626266271084.jpg 1 0 0 500 500
p/1626266271087.jpg 1 0 0 800 800
p/1626266271083.jpg 1 0 0 500 500
p/1626266271090.jpeg 1 0 0 653 653
p/1626266271089.jpg 1 0 0 1199 800
p/1626266271093.jpg 1 0 0 500 500
p/1626266271096.jpg 1 0 0 375 375
p/1626266271077.png 1 0 0 456 465
p/1626266271098.jpg 1 0 0 300 300
p/1626266271079.jpg 1 0 0 458 458
p/1626266271100.jpg 1 0 0 1000 1000
p/1626266271092.jpg 1 0 0 500 500
p/1626266271081.jpg 1 0 0 1280 720
p/1626266271101.jpg 1 0 0 375 375
p/1626266271102.jpg 1 0 0 400 288
p/1626266271095.jpg 1 0 0 300 300
p/1626266271076.jpg 1 0 0 1200 675
p/1626266271102.png 1 0 0 651 581
p/1626266271090.jpg 1 0 0 375 375
p/1626266271097.jpg 1 0 0 375 375
p/1626266271099.jpg 1 0 0 375 375
p/IMG_3228.jpg 1 0 0 1864 1725
p/IMG_3227.jpg 1 0 0 2435 1660
p/IMG_3226.jpg 1 0 0 1451 1713
p/IMG_3225.jpg 1 0 0 1947 1923
p/IMG_3224.jpg 1 0 0 2032 1921