n/1626336902008.jpg
n/WIN_20210714_23_52_35_Pro.jpg
n/1626336902007.jpg
n/1626336902006.jpg
n/WIN_20210714_23_52_34_Pro.jpg
n/1626336902005.jpg
n/WIN_20210714_23_52_33_Pro.jpg
n/1626336902004.jpg
n/WIN_20210714_23_52_32_Pro.jpg
n/1626336902003.jpg
n/1626336902002.jpg
n/WIN_20210714_23_52_31_Pro.jpg
n/1626336902000.jpg
n/WIN_20210714_23_52_30_Pro.jpg
n/1626336901999.jpg
n/WIN_20210714_23_52_29_Pro.jpg
n/1626336901998.jpg
n/WIN_20210714_23_52_28_Pro.jpg
n/1626336901996.jpg
n/1626336901995.jpg
n/WIN_20210714_23_52_27_Pro.jpg
n/1626336901994.jpg
n/WIN_20210714_23_52_26_Pro.jpg
n/1626336901993.jpg
n/WIN_20210714_23_52_25_Pro.jpg
n/1626336901991.jpg
n/WIN_20210714_23_52_24_Pro.jpg
n/1626336901990.jpg
n/1626336901989.jpg
n/WIN_20210714_23_52_23_Pro.jpg
n/1626336901988.jpg
n/WIN_20210714_23_52_22_Pro.jpg
n/1626336901987.jpg
n/WIN_20210714_23_52_21_Pro.jpg
n/1626336901986.jpg
n/1626336901985.jpg
n/WIN_20210714_23_52_20_Pro.jpg
n/1626336901984.jpg
n/WIN_20210714_23_52_19_Pro.jpg
n/1626336901983.jpg
n/1626336901982.jpg
n/WIN_20210714_23_52_18_Pro.jpg
n/1626336901981.jpg
n/WIN_20210714_23_52_17_Pro.jpg
n/1626336901980.jpg
n/1626336901979.jpg
n/WIN_20210714_23_52_16_Pro.jpg
n/1626336901978.jpg
n/WIN_20210714_23_52_15_Pro.jpg
n/1626336901977.jpg
n/1626336901976.jpg
n/WIN_20210714_23_52_14_Pro.jpg
n/1626336901974.jpg
n/1626336901973.jpg
n/WIN_20210714_23_52_13_Pro.jpg
n/1626336901972.jpg
n/WIN_20210714_23_52_12_Pro.jpg
n/1626336901971.jpg
n/1626336901970.jpg
n/WIN_20210714_23_52_11_Pro.jpg
n/1626336901969.jpg
n/WIN_20210714_23_52_10_Pro.jpg
n/1626336901968.jpg
n/WIN_20210714_23_52_09_Pro.jpg
n/IMG_3366.jpg
n/IMG_3365.jpg
n/IMG_3364.jpg
n/IMG_3363.jpg
n/IMG_3362.jpg
n/IMG_3361.jpg
n/IMG_3360.jpg
n/IMG_3359.jpg
n/IMG_3358.jpg
n/IMG_3357.jpg
n/IMG_3356.jpg
n/IMG_3355.jpg
n/IMG_3350.jpg
n/IMG_3349.jpg
n/IMG_3348.jpg
n/IMG_3347.jpg
n/IMG_3346.jpg
n/IMG_3345.jpg
n/IMG_3344.jpg
n/IMG_3343.jpg
n/IMG_3342.jpg
n/IMG_3341.jpg
n/IMG_3340.jpg
n/IMG_3339.jpg
n/IMG_3338.jpg
n/IMG_3337.jpg
n/IMG_3336.jpg
n/IMG_3335.jpg
n/IMG_3334.jpg
n/IMG_3333.jpg
n/IMG_3332.jpg
n/IMG_3331.jpg
n/IMG_3330.jpg
n/IMG_3329.jpg
n/IMG_3328.jpg
n/IMG_3327.jpg
n/IMG_3326.jpg
n/IMG_3325.jpg
n/IMG_3324.jpg
n/IMG_3323.jpg
n/IMG_3322.jpg
n/IMG_3321.jpg
n/IMG_3320.jpg
n/IMG_3319.jpg
n/IMG_3318.jpg
n/IMG_3317.jpg
n/IMG_3316.jpg
n/IMG_3315.jpg
n/IMG_3314.jpg
n/IMG_3313.jpg
n/IMG_3312.jpg
n/IMG_3311.jpg
n/IMG_3310.jpg
n/IMG_3309.jpg
n/IMG_3308.jpg
n/IMG_3307.jpg
n/IMG_3306.jpg
n/IMG_3305.jpg
n/IMG_3304.jpg
n/IMG_3303.jpg
n/IMG_3302.jpg
n/IMG_3301.jpg
n/IMG_3300.jpg
n/IMG_3299.jpg
n/IMG_3298.jpg
n/IMG_3297.jpg
n/IMG_3296.jpg
n/IMG_3295.jpg
n/IMG_3294.jpg
n/IMG_3293.jpg
n/IMG_3292.jpg
n/IMG_3291.jpg
n/IMG_3290.jpg
n/IMG_3289.jpg
n/IMG_3288.jpg
n/IMG_3287.jpg
n/IMG_3286.jpg
n/IMG_3285.jpg
n/IMG_3284.jpg
n/IMG_3282.jpg
n/IMG_3281.jpg
n/IMG_3280.jpg
n/IMG_3279.jpg
n/IMG_3278.jpg
n/IMG_3277.jpg
n/IMG_3276.jpg
n/IMG_3275.jpg
n/IMG_3274.jpg
n/IMG_3273.jpg
n/1626266271086.jpg
n/1626266271092.png
n/1626266271103.png
n/1626266271094.jpg
n/1626266271082.jpg
n/1626266271091.jpg
n/1626266271088.png
n/1626266271085.jpg
n/1626266271078.jpg
n/1626266271105.jpg
n/1626266271080.jpg
n/1626266271104.png
n/1626266271104.jpg
n/1626266271088.jpg
n/1626266271084.jpg
n/1626266271087.jpg
n/1626266271083.jpg
n/1626266271090.jpeg
n/1626266271089.jpg
n/1626266271093.jpg
n/1626266271096.jpg
n/1626266271077.png
n/1626266271098.jpg
n/1626266271079.jpg
n/1626266271100.jpg
n/1626266271092.jpg
n/1626266271081.jpg
n/1626266271101.jpg
n/1626266271102.jpg
n/1626266271095.jpg
n/1626266271076.jpg
n/1626266271102.png
n/1626266271090.jpg
n/1626266271097.jpg
n/1626266271099.jpg
n/IMG_3247.jpg
n/IMG_3246.jpg
n/IMG_3245.jpg
n/IMG_3244.jpg
n/IMG_3243.jpg
n/IMG_3242.jpg
n/IMG_3241.jpg
n/IMG20210704134824.jpg
n/IMG20210704134830.jpg
n/IMG20210704134833.jpg
n/IMG20210704134852.jpg
n/IMG20210704134855.jpg
n/IMG20210704134900.jpg
n/IMG20210704134901.jpg
n/IMG_3240.jpg
n/IMG_3239.jpg
n/IMG_3238.jpg
n/IMG_3237.jpg
n/IMG_3236.jpg
n/IMG_3235.jpg
n/IMG_3234.jpg
n/IMG_3233.jpg
n/IMG_3232.jpg
n/IMG_3231.jpg
n/IMG_3230.jpg
n/IMG_3229.jpg
n/IMG_3228.jpg
n/IMG_3227.jpg
n/IMG_3226.jpg
n/IMG_3225.jpg
n/IMG_3224.jpg
n/IMG_3223.jpg
n/IMG_3222.jpg
n/F14C3663-6081-4B1D-92BD-2A0A2ABB59F6.jpg
n/IMG_3204.jpg
n/IMG_3206.jpg
n/IMG_3205.jpg
n/IMG_3203.jpg
n/1626119706517.jpg
n/1626119706511.jpg
n/1626119706506.jpg
n/1626119706519.png
n/1626119706503.jpg
n/1626119706507.jpg
n/1626119706508.jpg
n/1626119706518.jpg
n/1626119706510.jpg
n/1626119706509.jpg
n/1626119706515.jpg
n/1626119706500.jpg
n/1626119706513.jpg
n/1626119706499.jpg
n/1626119706520.jpg
n/1626119706497.jpg
n/1626119706504.jpg
n/1626119706498.jpg
n/1626119706501.jpg
n/1626119706496.jpg
n/1626119706505.jpg
n/1626119706502.jpg
n/1626119706514.jpg
n/1626119706512.jpg
n/IMG_3207.jpg