p/1626201438156.jpg 1 0 0 792 772
p/1626201438158.jpg 1 0 0 748 791
p/1626201438160.jpg 1 0 0 730 720
p/1626201438155.jpg 1 0 0 832 763
p/1626201438157.jpg 1 0 0 787 885
p/1626201438159.jpg 1 0 0 724 718
p/1626201438163.jpg 1 0 0 776 749
p/1626201438162.jpg 1 0 0 775 766
p/1626201438161.jpg 1 0 0 739 776
p/1626201438165.jpg 1 0 0 797 736
p/1626201438164.jpg 1 0 0 749 766
p/1626201438167.jpg 1 0 0 777 740
p/1626201438166.jpg 1 0 0 758 724
p/1626201438168.jpg 1 0 0 828 783
p/1626201438172.jpg 1 0 0 818 810
p/1626201438171.jpg 1 0 0 831 764
p/1626201438170.jpg 1 0 0 811 779
p/1626201438169.jpg 1 0 0 706 682
p/IMG_3265.jpg 1 0 0 2270 1927
p/IMG_3264.jpg 1 0 0 2123 1677
p/IMG_3263.jpg 1 0 0 1599 1959
p/IMG_3262.jpg 1 0 0 1873 2427
p/IMG_3261.jpg 1 0 0 2265 2319
p/IMG_3260.jpg 1 0 0 2346 2240
p/IMG_3259.jpg 1 0 0 2704 2534
p/IMG_3258.jpg 1 0 0 2333 1765
p/IMG_3257.jpg 1 0 0 2004 2302
p/IMG_3256.jpg 1 0 0 1987 2188
p/IMG_3255.jpg 1 0 0 1946 2017
p/IMG_3254.jpg 1 0 0 2074 1997
p/IMG_3253.jpg 1 0 0 2094 1841
p/IMG_3252.jpg 1 0 0 2015 1933
p/1626178981667.png 1 0 0 500 500
p/1626178981674.jpg 1 0 0 800 800
p/1626336902046.jpg 1 0 0 800 800
p/1626336902045.jpg 1 0 0 1000 1000
p/1626178981666.png 1 0 0 500 500
p/1626178981673.jpg 1 0 0 800 800
p/1626178981676.jpg 1 0 0 240 280
p/1626336902048.jpg 1 0 0 800 800
p/1626178981670.jpg 1 0 0 800 800
p/1626178981669.jpg 1 0 0 800 800
p/1626178981667.jpg 1 0 0 317 296
p/1626178981670.png 1 0 0 1200 1200
p/1626178981668.jpg 1 0 0 750 750
p/1626178981675.jpg 1 0 0 600 419
p/1626178981672.jpg 1 0 0 800 800
p/1626178981671.jpg 1 0 0 422 416
p/1626120454362.jpeg 1 0 0 1599 899
p/1626120454363.jpeg 1 0 0 1599 899
p/1626120454364.jpeg 1 0 0 1599 899
p/1626120454365.jpeg 1 0 0 1599 899
p/IMG_3221.jpg 1 0 0 2673 2511
p/IMG_3220.jpg 1 0 0 2316 1763
p/IMG_3219.jpg 1 0 0 1663 1921
p/IMG_3218.jpg 1 0 0 2345 2661
p/IMG_3217.jpg 1 0 0 2100 2030
p/IMG_3216.jpg 1 0 0 3207 3024
p/IMG_3215.jpg 1 0 0 1571 1765
p/IMG_3214.jpg 1 0 0 2685 1876
p/IMG_3213.jpg 1 0 0 2250 2497
p/IMG_3212.jpg 1 0 0 2168 2057
p/IMG_3211.jpg 1 0 0 2154 2015
p/IMG_3210.jpg 1 0 0 2350 2052
p/IMG_3209.jpg 1 0 0 1996 1790
p/1626119706492.jpg 1 0 0 750 750