n/1626303307783.jpg
n/1626303307782.jpg
n/WIN_20210714_23_56_32_Pro.jpg
n/1626303307781.jpg
n/WIN_20210714_23_56_31_Pro.jpg
n/1626303307780.jpg
n/1626303307779.jpg
n/WIN_20210714_23_56_30_Pro.jpg
n/1626303307778.jpg
n/WIN_20210714_23_56_29_Pro.jpg
n/1626303307777.jpg
n/WIN_20210714_23_56_28_Pro.jpg
n/1626303307776.jpg
n/1626303307775.jpg
n/WIN_20210714_23_56_27_Pro.jpg
n/1626303307774.jpg
n/WIN_20210714_23_56_26_Pro.jpg
n/1626303307773.jpg
n/1626303307772.jpg
n/WIN_20210714_23_56_25_Pro.jpg
n/WIN_20210714_23_56_24_Pro.jpg
n/1626303307771.jpg
n/WIN_20210714_23_56_22_Pro.jpg
n/1626303307770.jpg
n/1626303307769.jpg
n/WIN_20210714_23_56_21_Pro.jpg
n/1626303307768.jpg
n/1626303307767.jpg
n/WIN_20210714_23_56_20_Pro.jpg
n/1626303307766.jpg
n/WIN_20210714_23_56_19_Pro.jpg
n/1626303307765.jpg
n/WIN_20210714_23_56_18_Pro.jpg
n/1626303307764.jpg
n/1626303307763.jpg
n/WIN_20210714_23_56_17_Pro.jpg
n/1626303307762.jpg
n/1626303307761.jpg
n/1626303307760.jpg
n/WIN_20210714_23_56_16_Pro.jpg
n/1626303307759.jpg
n/WIN_20210714_23_56_15_Pro.jpg
n/1626303307758.jpg
n/1626303307757.jpg
n/WIN_20210714_23_56_14_Pro.jpg
n/1626303307756.jpg
n/WIN_20210714_23_56_13_Pro.jpg
n/1626303307755.jpg
n/1626303307754.jpg
n/WIN_20210714_23_56_12_Pro.jpg
n/1626303307753.jpg
n/WIN_20210714_23_56_11_Pro.jpg
n/1626303307752.jpg
n/1626303307751.jpg
n/1626303307750.jpg
n/WIN_20210714_23_56_10_Pro.jpg
n/1626303307749.jpg
n/1626303307748.jpg
n/WIN_20210714_23_56_09_Pro.jpg
n/1626303307747.jpg
n/WIN_20210714_23_56_08_Pro.jpg
n/WIN_20210714_23_56_07_Pro.jpg
n/1626303307746.jpg
n/WIN_20210714_23_52_35_Pro.jpg
n/1626303307745.jpg
n/1626303307744.jpg
n/WIN_20210714_23_52_34_Pro.jpg
n/1626303307743.jpg
n/WIN_20210714_23_52_33_Pro.jpg
n/1626303307742.jpg
n/WIN_20210714_23_52_32_Pro.jpg
n/1626303307741.jpg
n/1626303307740.jpg
n/WIN_20210714_23_52_31_Pro.jpg
n/1626303307739.jpg
n/WIN_20210714_23_52_30_Pro.jpg
n/1626303307738.jpg
n/WIN_20210714_23_52_29_Pro.jpg
n/1626303307737.jpg
n/WIN_20210714_23_52_28_Pro.jpg
n/1626303307736.jpg
n/1626303307735.jpg
n/WIN_20210714_23_52_27_Pro.jpg
n/1626303307734.jpg
n/WIN_20210714_23_52_26_Pro.jpg
n/1626303307733.jpg
n/WIN_20210714_23_52_25_Pro.jpg
n/1626303307732.jpg
n/WIN_20210714_23_52_24_Pro.jpg
n/1626303307731.jpg
n/1626303307730.jpg
n/WIN_20210714_23_52_23_Pro.jpg
n/1626303307729.jpg
n/WIN_20210714_23_52_22_Pro.jpg
n/1626303307728.jpg
n/WIN_20210714_23_52_21_Pro.jpg
n/1626303307727.jpg
n/1626303307726.jpg
n/WIN_20210714_23_52_20_Pro.jpg
n/1626303307725.jpg
n/WIN_20210714_23_52_19_Pro.jpg
n/1626303307724.jpg
n/1626303307723.jpg
n/WIN_20210714_23_52_18_Pro.jpg
n/1626303307722.jpg
n/WIN_20210714_23_52_17_Pro.jpg
n/1626303307721.jpg
n/1626303307720.jpg
n/WIN_20210714_23_52_16_Pro.jpg
n/1626303307718.jpg
n/WIN_20210714_23_52_15_Pro.jpg
n/1626303307717.jpg
n/1626303307716.jpg
n/WIN_20210714_23_52_14_Pro.jpg
n/1626303307715.jpg
n/1626303307714.jpg
n/WIN_20210714_23_52_13_Pro.jpg
n/1626303307713.jpg
n/WIN_20210714_23_52_12_Pro.jpg
n/1626303307712.jpg
n/1626303307711.jpg
n/WIN_20210714_23_52_11_Pro.jpg
n/1626303307710.jpg
n/WIN_20210714_23_52_10_Pro.jpg
n/1626303307709.jpg
n/WIN_20210714_23_52_09_Pro.jpg
n/IMG_3282.jpg
n/IMG_3281.jpg
n/IMG_3280.jpg
n/IMG_3279.jpg
n/IMG_3278.jpg
n/IMG_3277.jpg
n/IMG_3276.jpg
n/IMG_3275.jpg
n/IMG_3274.jpg
n/IMG_3273.jpg
n/1626266271086.jpg
n/1626266271092.png
n/1626266271103.png
n/1626266271094.jpg
n/1626266271082.jpg
n/1626266271091.jpg
n/1626266271088.png
n/1626266271085.jpg
n/1626266271078.jpg
n/1626266271105.jpg
n/1626266271080.jpg
n/1626266271104.png
n/1626266271104.jpg
n/1626266271088.jpg
n/1626266271084.jpg
n/1626266271087.jpg
n/1626266271083.jpg
n/1626266271090.jpeg
n/1626266271089.jpg
n/1626266271093.jpg
n/1626266271096.jpg
n/1626266271077.png
n/1626266271098.jpg
n/1626266271079.jpg
n/1626266271100.jpg
n/1626266271092.jpg
n/1626266271081.jpg
n/1626266271101.jpg
n/1626266271102.jpg
n/1626266271095.jpg
n/1626266271076.jpg
n/1626266271102.png
n/1626266271090.jpg
n/1626266271097.jpg
n/1626266271099.jpg
n/1626201438156.jpg
n/1626201438158.jpg
n/1626201438160.jpg
n/1626201438155.jpg
n/1626201438157.jpg
n/1626201438159.jpg
n/1626201438163.jpg
n/1626201438162.jpg
n/1626201438161.jpg
n/1626201438165.jpg
n/1626201438164.jpg
n/1626201438167.jpg
n/1626201438166.jpg
n/1626201438168.jpg
n/1626201438172.jpg
n/1626201438171.jpg
n/1626201438170.jpg
n/1626201438169.jpg
n/IMG_3265.jpg
n/IMG_3264.jpg
n/IMG_3263.jpg
n/IMG_3262.jpg
n/IMG_3261.jpg
n/IMG_3260.jpg
n/IMG_3259.jpg
n/IMG_3258.jpg
n/IMG_3257.jpg
n/IMG_3256.jpg
n/IMG_3255.jpg
n/IMG_3254.jpg
n/IMG_3253.jpg
n/IMG_3252.jpg
n/1626178981667.png
n/1626178981674.jpg
n/1626178981666.png
n/1626178981673.jpg
n/1626178981676.jpg
n/1626178981670.jpg
n/1626178981669.jpg
n/1626178981667.jpg
n/1626178981670.png
n/1626178981668.jpg
n/1626178981675.jpg
n/1626178981672.jpg
n/1626178981671.jpg
n/IMG_3247.jpg
n/IMG_3246.jpg
n/IMG_3245.jpg
n/IMG_3244.jpg
n/IMG_3243.jpg
n/IMG20210704134824.jpg
n/IMG20210704134830.jpg
n/IMG20210704134833.jpg
n/IMG20210704134852.jpg
n/IMG20210704134855.jpg
n/IMG20210704134900.jpg
n/IMG20210704134901.jpg
n/1626120454362.jpeg
n/1626120454363.jpeg
n/1626120454364.jpeg
n/1626120454365.jpeg
n/IMG_3239.jpg
n/IMG_3238.jpg
n/IMG_3237.jpg
n/IMG_3236.jpg
n/IMG_3235.jpg
n/IMG_3229.jpg
n/IMG_3228.jpg
n/IMG_3227.jpg
n/IMG_3226.jpg
n/IMG_3225.jpg
n/IMG_3224.jpg
n/IMG_3223.jpg
n/IMG_3222.jpg
n/IMG_3221.jpg
n/IMG_3220.jpg
n/IMG_3219.jpg
n/IMG_3218.jpg
n/IMG_3217.jpg
n/IMG_3216.jpg
n/IMG_3215.jpg
n/IMG_3214.jpg
n/IMG_3213.jpg
n/IMG_3212.jpg
n/IMG_3211.jpg
n/IMG_3210.jpg
n/IMG_3209.jpg
n/1626119706492.jpg
n/F14C3663-6081-4B1D-92BD-2A0A2ABB59F6.jpg
n/IMG_3204.jpg
n/IMG_3206.jpg
n/IMG_3205.jpg
n/IMG_3203.jpg
n/1626119706517.jpg
n/1626119706511.jpg
n/1626119706506.jpg
n/1626119706519.png
n/1626119706503.jpg
n/1626119706507.jpg
n/1626119706508.jpg
n/1626119706518.jpg
n/1626119706510.jpg
n/1626119706509.jpg
n/1626119706515.jpg
n/1626119706500.jpg
n/1626119706513.jpg
n/1626119706499.jpg
n/1626119706520.jpg
n/1626119706497.jpg
n/1626119706504.jpg
n/1626119706498.jpg
n/1626119706501.jpg
n/1626119706496.jpg
n/1626119706505.jpg
n/1626119706502.jpg
n/1626119706514.jpg
n/1626119706512.jpg
n/IMG_3207.jpg