p/IMG_3366.jpg 1 0 0 1810 2046
p/IMG_3365.jpg 1 0 0 1913 1865
p/IMG_3364.jpg 1 0 0 1737 2041
p/IMG_3363.jpg 1 0 0 1918 1978
p/IMG_3362.jpg 1 0 0 1737 1808
p/IMG_3361.jpg 1 0 0 1788 2018
p/IMG_3360.jpg 1 0 0 1862 1853
p/IMG_3359.jpg 1 0 0 1953 1905
p/IMG_3358.jpg 1 0 0 1941 1785
p/IMG_3357.jpg 1 0 0 2077 1881
p/IMG_3356.jpg 1 0 0 1970 1927
p/IMG_3355.jpg 1 0 0 1998 2035
p/IMG_3350.jpg 1 0 0 2270 2097
p/IMG_3349.jpg 1 0 0 2214 2052
p/IMG_3348.jpg 1 0 0 2339 1984
p/IMG_3347.jpg 1 0 0 2231 2200
p/IMG_3346.jpg 1 0 0 2180 1939
p/IMG_3345.jpg 1 0 0 2248 1920
p/IMG_3344.jpg 1 0 0 2089 1933
p/IMG_3343.jpg 1 0 0 2055 1927
p/IMG_3342.jpg 1 0 0 2217 1907
p/IMG_3341.jpg 1 0 0 2134 1853
p/IMG_3340.jpg 1 0 0 2015 1683
p/IMG_3339.jpg 1 0 0 1987 1802
p/IMG_3338.jpg 1 0 0 2265 1876
p/IMG_3337.jpg 1 0 0 2146 1825
p/IMG_3336.jpg 1 0 0 2021 1905
p/IMG_3335.jpg 1 0 0 2089 2075
p/IMG_3334.jpg 1 0 0 2259 1978
p/IMG_3333.jpg 1 0 0 2168 2086
p/IMG_3332.jpg 1 0 0 2589 2460
p/IMG_3331.jpg 1 0 0 2231 1967
p/IMG_3330.jpg 1 0 0 2191 2154
p/IMG_3329.jpg 1 0 0 2248 2313
p/IMG_3328.jpg 1 0 0 2248 2086
p/IMG_3327.jpg 1 0 0 2520 2029
p/IMG_3326.jpg 1 0 0 2411 2056
p/IMG_3325.jpg 1 0 0 2583 2098
p/IMG_3324.jpg 1 0 0 2248 2188
p/IMG_3323.jpg 1 0 0 1997 2251
p/IMG_3322.jpg 1 0 0 2095 2160
p/IMG_3321.jpg 1 0 0 2021 2251
p/IMG_3320.jpg 1 0 0 2112 2133
p/IMG_3319.jpg 1 0 0 2111 2068
p/IMG_3318.jpg 1 0 0 2015 2195
p/IMG_3317.jpg 1 0 0 1981 2092
p/IMG_3316.jpg 1 0 0 1941 1967
p/IMG_3315.jpg 1 0 0 2202 2108
p/IMG_3314.jpg 1 0 0 2129 2109
p/IMG_3313.jpg 1 0 0 1998 2058
p/IMG_3312.jpg 1 0 0 2174 2239
p/IMG_3311.jpg 1 0 0 2174 2307
p/IMG_3310.jpg 1 0 0 2055 2251
p/IMG_3309.jpg 1 0 0 1998 2001
p/IMG_3308.jpg 1 0 0 2111 1972
p/IMG_3307.jpg 1 0 0 2038 1961
p/IMG_3306.jpg 1 0 0 1969 2063
p/IMG_3305.jpg 1 0 0 1873 2029
p/IMG_3304.jpg 1 0 0 2180 1768
p/IMG_3303.jpg 1 0 0 1953 1825
p/IMG_3302.jpg 1 0 0 1776 1819
p/IMG_3301.jpg 1 0 0 1703 1706
p/IMG_3300.jpg 1 0 0 1834 1848
p/IMG_3299.jpg 1 0 0 1771 1774
p/IMG_3298.jpg 1 0 0 1703 1933
p/IMG_3297.jpg 1 0 0 1828 1780
p/IMG_3296.jpg 1 0 0 1924 1864
p/IMG_3295.jpg 1 0 0 1964 1848
p/IMG_3294.jpg 1 0 0 2085 2040
p/IMG_3293.jpg 1 0 0 1975 1870
p/IMG_3292.jpg 1 0 0 1981 1938
p/IMG_3291.jpg 1 0 0 1907 1762
p/IMG_3290.jpg 1 0 0 2549 2252
p/IMG_3289.jpg 1 0 0 1981 1904
p/IMG_3288.jpg 1 0 0 2072 2069
p/IMG_3287.jpg 1 0 0 1936 2292
p/IMG_3286.jpg 1 0 0 2032 2012
p/IMG_3285.jpg 1 0 0 1940 2147
p/IMG_3284.jpg 1 0 0 2027 2084
p/IMG_3242.jpg 1 0 0 1787 1782
p/IMG_3241.jpg 1 0 0 1815 1854
p/IMG_3240.jpg 1 0 0 1479 2028
p/IMG_3234.jpg 1 0 0 2679 2182
p/IMG_3233.jpg 1 0 0 2753 2217
p/IMG_3232.jpg 1 0 0 2242 1967
p/IMG_3231.jpg 1 0 0 2219 2506
p/IMG_3230.jpg 1 0 0 1989 1792